$ next build
info  - Loaded env from /Users/ua741/work/ente-io/photos-web/apps/photos/.env.local
info  - Linting and checking validity of types...
info  - Creating an optimized production build...
[@sentry/nextjs] You are using Next.js features that run on the Edge Runtime. Please add a "sentry.edge.config.js" or a "sentry.edge.config.ts" file to your project root in which you initialize the Sentry SDK with "Sentry.init()".
error - No Sentry auth token configured. Source maps will not be uploaded.
You can find information on how to generate a Sentry auth token here: https://docs.sentry.io/api/auth/
After generating a Sentry auth token, set it via the SENTRY_AUTH_TOKEN environment variable during the build.

warn  - Compiled with warnings

../../node_modules/@tensorflow/tfjs-backend-cpu/dist/kernels/BatchMatMul.js
Attempted import error: 'broadcast_util' is not exported from '@tensorflow/tfjs-core' (imported as 'broadcast_util').

Import trace for requested module:
../../node_modules/@tensorflow/tfjs-backend-cpu/dist/kernels/BatchMatMul.js
../../node_modules/@tensorflow/tfjs-backend-cpu/dist/register_all_kernels.js
../../node_modules/@tensorflow/tfjs-backend-cpu/dist/index.js
./src/services/machineLearning/machineLearningService.ts
./src/worker/ml.worker.ts
./src/utils/comlink/ComlinkMLWorker.ts
./src/services/machineLearning/mlWorkManager.ts

../../node_modules/@tensorflow/tfjs-backend-cpu/dist/kernels/SparseFillEmptyRows_impl.js
Attempted import error: 'backend_util'.'getSparseFillEmptyRowsIndicesDenseShapeMismatch' is not exported from '@tensorflow/tfjs-core' (imported as 'backend_util').

Import trace for requested module:
../../node_modules/@tensorflow/tfjs-backend-cpu/dist/kernels/SparseFillEmptyRows_impl.js
../../node_modules/@tensorflow/tfjs-backend-cpu/dist/shared.js
../../node_modules/@tensorflow/tfjs-backend-cpu/dist/base.js
../../node_modules/@tensorflow/tfjs-backend-cpu/dist/index.js
./src/services/machineLearning/machineLearningService.ts
./src/worker/ml.worker.ts
./src/utils/comlink/ComlinkMLWorker.ts
./src/services/machineLearning/mlWorkManager.ts

../../node_modules/@tensorflow/tfjs-backend-cpu/dist/kernels/SparseFillEmptyRows_impl.js
Attempted import error: 'backend_util'.'getSparseFillEmptyRowsNegativeIndexErrorMessage' is not exported from '@tensorflow/tfjs-core' (imported as 'backend_util').

Import trace for requested module:
../../node_modules/@tensorflow/tfjs-backend-cpu/dist/kernels/SparseFillEmptyRows_impl.js
../../node_modules/@tensorflow/tfjs-backend-cpu/dist/shared.js
../../node_modules/@tensorflow/tfjs-backend-cpu/dist/base.js
../../node_modules/@tensorflow/tfjs-backend-cpu/dist/index.js
./src/services/machineLearning/machineLearningService.ts
./src/worker/ml.worker.ts
./src/utils/comlink/ComlinkMLWorker.ts
./src/services/machineLearning/mlWorkManager.ts

../../node_modules/@tensorflow/tfjs-backend-cpu/dist/kernels/SparseFillEmptyRows_impl.js
Attempted import error: 'backend_util'.'getSparseFillEmptyRowsOutOfRangeIndexErrorMessage' is not exported from '@tensorflow/tfjs-core' (imported as 'backend_util').

Import trace for requested module:
../../node_modules/@tensorflow/tfjs-backend-cpu/dist/kernels/SparseFillEmptyRows_impl.js
../../node_modules/@tensorflow/tfjs-backend-cpu/dist/shared.js
../../node_modules/@tensorflow/tfjs-backend-cpu/dist/base.js
../../node_modules/@tensorflow/tfjs-backend-cpu/dist/index.js
./src/services/machineLearning/machineLearningService.ts
./src/worker/ml.worker.ts
./src/utils/comlink/ComlinkMLWorker.ts
./src/services/machineLearning/mlWorkManager.ts

../../node_modules/@tensorflow/tfjs-backend-cpu/dist/kernels/SparseReshape_impl.js
Attempted import error: 'backend_util'.'getSparseReshapeMultipleNegativeOneOutputDimErrorMessage' is not exported from '@tensorflow/tfjs-core' (imported as 'backend_util').

Import trace for requested module:
../../node_modules/@tensorflow/tfjs-backend-cpu/dist/kernels/SparseReshape_impl.js
../../node_modules/@tensorflow/tfjs-backend-cpu/dist/shared.js
../../node_modules/@tensorflow/tfjs-backend-cpu/dist/base.js
../../node_modules/@tensorflow/tfjs-backend-cpu/dist/index.js
./src/services/machineLearning/machineLearningService.ts
./src/worker/ml.worker.ts
./src/utils/comlink/ComlinkMLWorker.ts
./src/services/machineLearning/mlWorkManager.ts

../../node_modules/@tensorflow/tfjs-backend-cpu/dist/kernels/SparseReshape_impl.js
Attempted import error: 'backend_util'.'getSparseReshapeNegativeOutputDimErrorMessage' is not exported from '@tensorflow/tfjs-core' (imported as 'backend_util').

Import trace for requested module:
../../node_modules/@tensorflow/tfjs-backend-cpu/dist/kernels/SparseReshape_impl.js
../../node_modules/@tensorflow/tfjs-backend-cpu/dist/shared.js
../../node_modules/@tensorflow/tfjs-backend-cpu/dist/base.js
../../node_modules/@tensorflow/tfjs-backend-cpu/dist/index.js
./src/services/machineLearning/machineLearningService.ts
./src/worker/ml.worker.ts
./src/utils/comlink/ComlinkMLWorker.ts
./src/services/machineLearning/mlWorkManager.ts

../../node_modules/@tensorflow/tfjs-backend-cpu/dist/kernels/SparseReshape_impl.js
Attempted import error: 'backend_util'.'getSparseReshapeEmptyTensorZeroOutputDimErrorMessage' is not exported from '@tensorflow/tfjs-core' (imported as 'backend_util').

Import trace for requested module:
../../node_modules/@tensorflow/tfjs-backend-cpu/dist/kernels/SparseReshape_impl.js
../../node_modules/@tensorflow/tfjs-backend-cpu/dist/shared.js
../../node_modules/@tensorflow/tfjs-backend-cpu/dist/base.js
../../node_modules/@tensorflow/tfjs-backend-cpu/dist/index.js
./src/services/machineLearning/machineLearningService.ts
./src/worker/ml.worker.ts
./src/utils/comlink/ComlinkMLWorker.ts
./src/services/machineLearning/mlWorkManager.ts

../../node_modules/@tensorflow/tfjs-backend-cpu/dist/kernels/SparseReshape_impl.js
Attempted import error: 'backend_util'.'getSparseReshapeInputOutputMultipleErrorMessage' is not exported from '@tensorflow/tfjs-core' (imported as 'backend_util').

Import trace for requested module:
../../node_modules/@tensorflow/tfjs-backend-cpu/dist/kernels/SparseReshape_impl.js
../../node_modules/@tensorflow/tfjs-backend-cpu/dist/shared.js
../../node_modules/@tensorflow/tfjs-backend-cpu/dist/base.js
../../node_modules/@tensorflow/tfjs-backend-cpu/dist/index.js
./src/services/machineLearning/machineLearningService.ts
./src/worker/ml.worker.ts
./src/utils/comlink/ComlinkMLWorker.ts
./src/services/machineLearning/mlWorkManager.ts

../../node_modules/@tensorflow/tfjs-backend-cpu/dist/kernels/SparseReshape_impl.js
Attempted import error: 'backend_util'.'getSparseReshapeInputOutputMismatchErrorMessage' is not exported from '@tensorflow/tfjs-core' (imported as 'backend_util').

Import trace for requested module:
../../node_modules/@tensorflow/tfjs-backend-cpu/dist/kernels/SparseReshape_impl.js
../../node_modules/@tensorflow/tfjs-backend-cpu/dist/shared.js
../../node_modules/@tensorflow/tfjs-backend-cpu/dist/base.js
../../node_modules/@tensorflow/tfjs-backend-cpu/dist/index.js
./src/services/machineLearning/machineLearningService.ts
./src/worker/ml.worker.ts
./src/utils/comlink/ComlinkMLWorker.ts
./src/services/machineLearning/mlWorkManager.ts

../../node_modules/@tensorflow/tfjs-backend-cpu/dist/kernels/SparseSegmentReduction_impl.js
Attempted import error: 'backend_util'.'getSparseSegmentReductionNegativeSegmentIdsErrorMessage' is not exported from '@tensorflow/tfjs-core' (imported as 'backend_util').

Import trace for requested module:
../../node_modules/@tensorflow/tfjs-backend-cpu/dist/kernels/SparseSegmentReduction_impl.js
../../node_modules/@tensorflow/tfjs-backend-cpu/dist/shared.js
../../node_modules/@tensorflow/tfjs-backend-cpu/dist/base.js
../../node_modules/@tensorflow/tfjs-backend-cpu/dist/index.js
./src/services/machineLearning/machineLearningService.ts
./src/worker/ml.worker.ts
./src/utils/comlink/ComlinkMLWorker.ts
./src/services/machineLearning/mlWorkManager.ts

../../node_modules/@tensorflow/tfjs-backend-cpu/dist/kernels/SparseSegmentReduction_impl.js
Attempted import error: 'backend_util'.'getSparseSegmentReductionNegativeSegmentIdsErrorMessage' is not exported from '@tensorflow/tfjs-core' (imported as 'backend_util').

Import trace for requested module:
../../node_modules/@tensorflow/tfjs-backend-cpu/dist/kernels/SparseSegmentReduction_impl.js
../../node_modules/@tensorflow/tfjs-backend-cpu/dist/shared.js
../../node_modules/@tensorflow/tfjs-backend-cpu/dist/base.js
../../node_modules/@tensorflow/tfjs-backend-cpu/dist/index.js
./src/services/machineLearning/machineLearningService.ts
./src/worker/ml.worker.ts
./src/utils/comlink/ComlinkMLWorker.ts
./src/services/machineLearning/mlWorkManager.ts

../../node_modules/@tensorflow/tfjs-backend-cpu/dist/kernels/SparseSegmentReduction_impl.js
Attempted import error: 'backend_util'.'getSparseSegmentReductionNonIncreasingSegmentIdsErrorMessage' is not exported from '@tensorflow/tfjs-core' (imported as 'backend_util').

Import trace for requested module:
../../node_modules/@tensorflow/tfjs-backend-cpu/dist/kernels/SparseSegmentReduction_impl.js
../../node_modules/@tensorflow/tfjs-backend-cpu/dist/shared.js
../../node_modules/@tensorflow/tfjs-backend-cpu/dist/base.js
../../node_modules/@tensorflow/tfjs-backend-cpu/dist/index.js
./src/services/machineLearning/machineLearningService.ts
./src/worker/ml.worker.ts
./src/utils/comlink/ComlinkMLWorker.ts
./src/services/machineLearning/mlWorkManager.ts

../../node_modules/@tensorflow/tfjs-backend-cpu/dist/kernels/SparseSegmentReduction_impl.js
Attempted import error: 'backend_util'.'getSparseSegmentReductionSegmentIdOutOfRangeErrorMessage' is not exported from '@tensorflow/tfjs-core' (imported as 'backend_util').

Import trace for requested module:
../../node_modules/@tensorflow/tfjs-backend-cpu/dist/kernels/SparseSegmentReduction_impl.js
../../node_modules/@tensorflow/tfjs-backend-cpu/dist/shared.js
../../node_modules/@tensorflow/tfjs-backend-cpu/dist/base.js
../../node_modules/@tensorflow/tfjs-backend-cpu/dist/index.js
./src/services/machineLearning/machineLearningService.ts
./src/worker/ml.worker.ts
./src/utils/comlink/ComlinkMLWorker.ts
./src/services/machineLearning/mlWorkManager.ts

../../node_modules/@tensorflow/tfjs-backend-cpu/dist/kernels/SparseSegmentReduction_impl.js
Attempted import error: 'backend_util'.'getSparseSegmentReductionIndicesOutOfRangeErrorMessage' is not exported from '@tensorflow/tfjs-core' (imported as 'backend_util').

Import trace for requested module:
../../node_modules/@tensorflow/tfjs-backend-cpu/dist/kernels/SparseSegmentReduction_impl.js
../../node_modules/@tensorflow/tfjs-backend-cpu/dist/shared.js
../../node_modules/@tensorflow/tfjs-backend-cpu/dist/base.js
../../node_modules/@tensorflow/tfjs-backend-cpu/dist/index.js
./src/services/machineLearning/machineLearningService.ts
./src/worker/ml.worker.ts
./src/utils/comlink/ComlinkMLWorker.ts
./src/services/machineLearning/mlWorkManager.ts

../../node_modules/@tensorflow/tfjs-backend-webgl/dist/kernels/BatchMatMul_impl.js
Attempted import error: 'broadcast_util' is not exported from '@tensorflow/tfjs-core' (imported as 'broadcast_util').

Import trace for requested module:
../../node_modules/@tensorflow/tfjs-backend-webgl/dist/kernels/BatchMatMul_impl.js
../../node_modules/@tensorflow/tfjs-backend-webgl/dist/kernels/_FusedMatMul.js
../../node_modules/@tensorflow/tfjs-backend-webgl/dist/register_all_kernels.js
../../node_modules/@tensorflow/tfjs-backend-webgl/dist/index.js
./src/services/machineLearning/machineLearningService.ts
./src/worker/ml.worker.ts
./src/utils/comlink/ComlinkMLWorker.ts
./src/services/machineLearning/mlWorkManager.ts

../../node_modules/@tensorflow/tfjs-backend-webgl/dist/kernels/BitwiseAnd.js
Attempted import error: 'BitwiseAnd' is not exported from '@tensorflow/tfjs-core' (imported as 'BitwiseAnd').

Import trace for requested module:
../../node_modules/@tensorflow/tfjs-backend-webgl/dist/kernels/BitwiseAnd.js
../../node_modules/@tensorflow/tfjs-backend-webgl/dist/register_all_kernels.js
../../node_modules/@tensorflow/tfjs-backend-webgl/dist/index.js
./src/services/machineLearning/machineLearningService.ts
./src/worker/ml.worker.ts
./src/utils/comlink/ComlinkMLWorker.ts
./src/services/machineLearning/mlWorkManager.ts

../../node_modules/@tensorflow/tfjs-backend-webgl/dist/kernels/Cumprod.js
Attempted import error: 'Cumprod' is not exported from '@tensorflow/tfjs-core' (imported as 'Cumprod').

Import trace for requested module:
../../node_modules/@tensorflow/tfjs-backend-webgl/dist/kernels/Cumprod.js
../../node_modules/@tensorflow/tfjs-backend-webgl/dist/register_all_kernels.js
../../node_modules/@tensorflow/tfjs-backend-webgl/dist/index.js
./src/services/machineLearning/machineLearningService.ts
./src/worker/ml.worker.ts
./src/utils/comlink/ComlinkMLWorker.ts
./src/services/machineLearning/mlWorkManager.ts

../../node_modules/@tensorflow/tfjs-backend-webgl/dist/kernels/RaggedGather.js
Attempted import error: 'RaggedGather' is not exported from '@tensorflow/tfjs-core' (imported as 'RaggedGather').

Import trace for requested module:
../../node_modules/@tensorflow/tfjs-backend-webgl/dist/kernels/RaggedGather.js
../../node_modules/@tensorflow/tfjs-backend-webgl/dist/register_all_kernels.js
../../node_modules/@tensorflow/tfjs-backend-webgl/dist/index.js
./src/services/machineLearning/machineLearningService.ts
./src/worker/ml.worker.ts
./src/utils/comlink/ComlinkMLWorker.ts
./src/services/machineLearning/mlWorkManager.ts

../../node_modules/@tensorflow/tfjs-backend-webgl/dist/kernels/RaggedRange.js
Attempted import error: 'RaggedRange' is not exported from '@tensorflow/tfjs-core' (imported as 'RaggedRange').

Import trace for requested module:
../../node_modules/@tensorflow/tfjs-backend-webgl/dist/kernels/RaggedRange.js
../../node_modules/@tensorflow/tfjs-backend-webgl/dist/register_all_kernels.js
../../node_modules/@tensorflow/tfjs-backend-webgl/dist/index.js
./src/services/machineLearning/machineLearningService.ts
./src/worker/ml.worker.ts
./src/utils/comlink/ComlinkMLWorker.ts
./src/services/machineLearning/mlWorkManager.ts

../../node_modules/@tensorflow/tfjs-backend-webgl/dist/kernels/RaggedTensorToTensor.js
Attempted import error: 'RaggedTensorToTensor' is not exported from '@tensorflow/tfjs-core' (imported as 'RaggedTensorToTensor').

Import trace for requested module:
../../node_modules/@tensorflow/tfjs-backend-webgl/dist/kernels/RaggedTensorToTensor.js
../../node_modules/@tensorflow/tfjs-backend-webgl/dist/register_all_kernels.js
../../node_modules/@tensorflow/tfjs-backend-webgl/dist/index.js
./src/services/machineLearning/machineLearningService.ts
./src/worker/ml.worker.ts
./src/utils/comlink/ComlinkMLWorker.ts
./src/services/machineLearning/mlWorkManager.ts

../../node_modules/@tensorflow/tfjs-backend-webgl/dist/kernels/SearchSorted.js
Attempted import error: 'SearchSorted' is not exported from '@tensorflow/tfjs-core' (imported as 'SearchSorted').

Import trace for requested module:
../../node_modules/@tensorflow/tfjs-backend-webgl/dist/kernels/SearchSorted.js
../../node_modules/@tensorflow/tfjs-backend-webgl/dist/register_all_kernels.js
../../node_modules/@tensorflow/tfjs-backend-webgl/dist/index.js
./src/services/machineLearning/machineLearningService.ts
./src/worker/ml.worker.ts
./src/utils/comlink/ComlinkMLWorker.ts
./src/services/machineLearning/mlWorkManager.ts

../../node_modules/@tensorflow/tfjs-backend-webgl/dist/kernels/StaticRegexReplace.js
Attempted import error: 'StaticRegexReplace' is not exported from '@tensorflow/tfjs-core' (imported as 'StaticRegexReplace').

Import trace for requested module:
../../node_modules/@tensorflow/tfjs-backend-webgl/dist/kernels/StaticRegexReplace.js
../../node_modules/@tensorflow/tfjs-backend-webgl/dist/register_all_kernels.js
../../node_modules/@tensorflow/tfjs-backend-webgl/dist/index.js
./src/services/machineLearning/machineLearningService.ts
./src/worker/ml.worker.ts
./src/utils/comlink/ComlinkMLWorker.ts
./src/services/machineLearning/mlWorkManager.ts

../../node_modules/@tensorflow/tfjs-backend-webgl/dist/kernels/TensorScatterUpdate.js
Attempted import error: 'TensorScatterUpdate' is not exported from '@tensorflow/tfjs-core' (imported as 'TensorScatterUpdate').

Import trace for requested module:
../../node_modules/@tensorflow/tfjs-backend-webgl/dist/kernels/TensorScatterUpdate.js
../../node_modules/@tensorflow/tfjs-backend-webgl/dist/register_all_kernels.js
../../node_modules/@tensorflow/tfjs-backend-webgl/dist/index.js
./src/services/machineLearning/machineLearningService.ts
./src/worker/ml.worker.ts
./src/utils/comlink/ComlinkMLWorker.ts
./src/services/machineLearning/mlWorkManager.ts

../../node_modules/@tensorflow/tfjs-backend-webgl/node_modules/@tensorflow/tfjs-backend-cpu/dist/kernels/BitwiseAnd.js
Attempted import error: 'BitwiseAnd' is not exported from '@tensorflow/tfjs-core' (imported as 'BitwiseAnd').

Import trace for requested module:
../../node_modules/@tensorflow/tfjs-backend-webgl/node_modules/@tensorflow/tfjs-backend-cpu/dist/kernels/BitwiseAnd.js
../../node_modules/@tensorflow/tfjs-backend-webgl/node_modules/@tensorflow/tfjs-backend-cpu/dist/shared.js
../../node_modules/@tensorflow/tfjs-backend-webgl/dist/kernel_utils/shared.js
../../node_modules/@tensorflow/tfjs-backend-webgl/dist/kernels/Abs.js
../../node_modules/@tensorflow/tfjs-backend-webgl/dist/register_all_kernels.js
../../node_modules/@tensorflow/tfjs-backend-webgl/dist/index.js
./src/services/machineLearning/machineLearningService.ts
./src/worker/ml.worker.ts
./src/utils/comlink/ComlinkMLWorker.ts
./src/services/machineLearning/mlWorkManager.ts

../../node_modules/@tensorflow/tfjs-backend-webgl/node_modules/@tensorflow/tfjs-backend-cpu/dist/kernels/BitwiseAnd.js
Attempted import error: 'BitwiseAnd' is not exported from '@tensorflow/tfjs-core' (imported as 'BitwiseAnd').

Import trace for requested module:
../../node_modules/@tensorflow/tfjs-backend-webgl/node_modules/@tensorflow/tfjs-backend-cpu/dist/kernels/BitwiseAnd.js
../../node_modules/@tensorflow/tfjs-backend-webgl/node_modules/@tensorflow/tfjs-backend-cpu/dist/shared.js
../../node_modules/@tensorflow/tfjs-backend-webgl/dist/kernel_utils/shared.js
../../node_modules/@tensorflow/tfjs-backend-webgl/dist/kernels/Abs.js
../../node_modules/@tensorflow/tfjs-backend-webgl/dist/register_all_kernels.js
../../node_modules/@tensorflow/tfjs-backend-webgl/dist/index.js
./src/services/machineLearning/machineLearningService.ts
./src/worker/ml.worker.ts
./src/utils/comlink/ComlinkMLWorker.ts
./src/services/machineLearning/mlWorkManager.ts

../../node_modules/@tensorflow/tfjs-backend-webgl/node_modules/@tensorflow/tfjs-backend-cpu/dist/kernels/RaggedTensorToTensor_impl.js
Attempted import error: 'backend_util'.'RowPartitionType' is not exported from '@tensorflow/tfjs-core' (imported as 'backend_util').

Import trace for requested module:
../../node_modules/@tensorflow/tfjs-backend-webgl/node_modules/@tensorflow/tfjs-backend-cpu/dist/kernels/RaggedTensorToTensor_impl.js
../../node_modules/@tensorflow/tfjs-backend-webgl/node_modules/@tensorflow/tfjs-backend-cpu/dist/shared.js
../../node_modules/@tensorflow/tfjs-backend-webgl/dist/kernel_utils/shared.js
../../node_modules/@tensorflow/tfjs-backend-webgl/dist/kernels/Abs.js
../../node_modules/@tensorflow/tfjs-backend-webgl/dist/register_all_kernels.js
../../node_modules/@tensorflow/tfjs-backend-webgl/dist/index.js
./src/services/machineLearning/machineLearningService.ts
./src/worker/ml.worker.ts
./src/utils/comlink/ComlinkMLWorker.ts
./src/services/machineLearning/mlWorkManager.ts

../../node_modules/@tensorflow/tfjs-backend-webgl/node_modules/@tensorflow/tfjs-backend-cpu/dist/kernels/RaggedTensorToTensor_impl.js
Attempted import error: 'backend_util'.'getRowPartitionTypesHelper' is not exported from '@tensorflow/tfjs-core' (imported as 'backend_util').

Import trace for requested module:
../../node_modules/@tensorflow/tfjs-backend-webgl/node_modules/@tensorflow/tfjs-backend-cpu/dist/kernels/RaggedTensorToTensor_impl.js
../../node_modules/@tensorflow/tfjs-backend-webgl/node_modules/@tensorflow/tfjs-backend-cpu/dist/shared.js
../../node_modules/@tensorflow/tfjs-backend-webgl/dist/kernel_utils/shared.js
../../node_modules/@tensorflow/tfjs-backend-webgl/dist/kernels/Abs.js
../../node_modules/@tensorflow/tfjs-backend-webgl/dist/register_all_kernels.js
../../node_modules/@tensorflow/tfjs-backend-webgl/dist/index.js
./src/services/machineLearning/machineLearningService.ts
./src/worker/ml.worker.ts
./src/utils/comlink/ComlinkMLWorker.ts
./src/services/machineLearning/mlWorkManager.ts

../../node_modules/@tensorflow/tfjs-backend-webgl/node_modules/@tensorflow/tfjs-backend-cpu/dist/kernels/RaggedTensorToTensor_impl.js
Attempted import error: 'backend_util'.'getRaggedRank' is not exported from '@tensorflow/tfjs-core' (imported as 'backend_util').

Import trace for requested module:
../../node_modules/@tensorflow/tfjs-backend-webgl/node_modules/@tensorflow/tfjs-backend-cpu/dist/kernels/RaggedTensorToTensor_impl.js
../../node_modules/@tensorflow/tfjs-backend-webgl/node_modules/@tensorflow/tfjs-backend-cpu/dist/shared.js
../../node_modules/@tensorflow/tfjs-backend-webgl/dist/kernel_utils/shared.js
../../node_modules/@tensorflow/tfjs-backend-webgl/dist/kernels/Abs.js
../../node_modules/@tensorflow/tfjs-backend-webgl/dist/register_all_kernels.js
../../node_modules/@tensorflow/tfjs-backend-webgl/dist/index.js
./src/services/machineLearning/machineLearningService.ts
./src/worker/ml.worker.ts
./src/utils/comlink/ComlinkMLWorker.ts
./src/services/machineLearning/mlWorkManager.ts

../../node_modules/@tensorflow/tfjs-backend-webgl/node_modules/@tensorflow/tfjs-backend-cpu/dist/kernels/RaggedTensorToTensor_impl.js
Attempted import error: 'backend_util'.'validateDefaultValueShape' is not exported from '@tensorflow/tfjs-core' (imported as 'backend_util').

Import trace for requested module:
../../node_modules/@tensorflow/tfjs-backend-webgl/node_modules/@tensorflow/tfjs-backend-cpu/dist/kernels/RaggedTensorToTensor_impl.js
../../node_modules/@tensorflow/tfjs-backend-webgl/node_modules/@tensorflow/tfjs-backend-cpu/dist/shared.js
../../node_modules/@tensorflow/tfjs-backend-webgl/dist/kernel_utils/shared.js
../../node_modules/@tensorflow/tfjs-backend-webgl/dist/kernels/Abs.js
../../node_modules/@tensorflow/tfjs-backend-webgl/dist/register_all_kernels.js
../../node_modules/@tensorflow/tfjs-backend-webgl/dist/index.js
./src/services/machineLearning/machineLearningService.ts
./src/worker/ml.worker.ts
./src/utils/comlink/ComlinkMLWorker.ts
./src/services/machineLearning/mlWorkManager.ts

../../node_modules/@tensorflow/tfjs-backend-webgl/node_modules/@tensorflow/tfjs-backend-cpu/dist/kernels/RaggedTensorToTensor_impl.js
Attempted import error: 'backend_util'.'combineRaggedTensorToTensorShapes' is not exported from '@tensorflow/tfjs-core' (imported as 'backend_util').

Import trace for requested module:
../../node_modules/@tensorflow/tfjs-backend-webgl/node_modules/@tensorflow/tfjs-backend-cpu/dist/kernels/RaggedTensorToTensor_impl.js
../../node_modules/@tensorflow/tfjs-backend-webgl/node_modules/@tensorflow/tfjs-backend-cpu/dist/shared.js
../../node_modules/@tensorflow/tfjs-backend-webgl/dist/kernel_utils/shared.js
../../node_modules/@tensorflow/tfjs-backend-webgl/dist/kernels/Abs.js
../../node_modules/@tensorflow/tfjs-backend-webgl/dist/register_all_kernels.js
../../node_modules/@tensorflow/tfjs-backend-webgl/dist/index.js
./src/services/machineLearning/machineLearningService.ts
./src/worker/ml.worker.ts
./src/utils/comlink/ComlinkMLWorker.ts
./src/services/machineLearning/mlWorkManager.ts

../../node_modules/@tensorflow/tfjs-backend-webgl/node_modules/@tensorflow/tfjs-backend-cpu/dist/kernels/SparseFillEmptyRows_impl.js
Attempted import error: 'backend_util'.'getSparseFillEmptyRowsIndicesDenseShapeMismatch' is not exported from '@tensorflow/tfjs-core' (imported as 'backend_util').

Import trace for requested module:
../../node_modules/@tensorflow/tfjs-backend-webgl/node_modules/@tensorflow/tfjs-backend-cpu/dist/kernels/SparseFillEmptyRows_impl.js
../../node_modules/@tensorflow/tfjs-backend-webgl/node_modules/@tensorflow/tfjs-backend-cpu/dist/shared.js
../../node_modules/@tensorflow/tfjs-backend-webgl/dist/kernel_utils/shared.js
../../node_modules/@tensorflow/tfjs-backend-webgl/dist/kernels/Abs.js
../../node_modules/@tensorflow/tfjs-backend-webgl/dist/register_all_kernels.js
../../node_modules/@tensorflow/tfjs-backend-webgl/dist/index.js
./src/services/machineLearning/machineLearningService.ts
./src/worker/ml.worker.ts
./src/utils/comlink/ComlinkMLWorker.ts
./src/services/machineLearning/mlWorkManager.ts

../../node_modules/@tensorflow/tfjs-backend-webgl/node_modules/@tensorflow/tfjs-backend-cpu/dist/kernels/SparseFillEmptyRows_impl.js
Attempted import error: 'backend_util'.'getSparseFillEmptyRowsNegativeIndexErrorMessage' is not exported from '@tensorflow/tfjs-core' (imported as 'backend_util').

Import trace for requested module:
../../node_modules/@tensorflow/tfjs-backend-webgl/node_modules/@tensorflow/tfjs-backend-cpu/dist/kernels/SparseFillEmptyRows_impl.js
../../node_modules/@tensorflow/tfjs-backend-webgl/node_modules/@tensorflow/tfjs-backend-cpu/dist/shared.js
../../node_modules/@tensorflow/tfjs-backend-webgl/dist/kernel_utils/shared.js
../../node_modules/@tensorflow/tfjs-backend-webgl/dist/kernels/Abs.js
../../node_modules/@tensorflow/tfjs-backend-webgl/dist/register_all_kernels.js
../../node_modules/@tensorflow/tfjs-backend-webgl/dist/index.js
./src/services/machineLearning/machineLearningService.ts
./src/worker/ml.worker.ts
./src/utils/comlink/ComlinkMLWorker.ts
./src/services/machineLearning/mlWorkManager.ts

../../node_modules/@tensorflow/tfjs-backend-webgl/node_modules/@tensorflow/tfjs-backend-cpu/dist/kernels/SparseFillEmptyRows_impl.js
Attempted import error: 'backend_util'.'getSparseFillEmptyRowsOutOfRangeIndexErrorMessage' is not exported from '@tensorflow/tfjs-core' (imported as 'backend_util').

Import trace for requested module:
../../node_modules/@tensorflow/tfjs-backend-webgl/node_modules/@tensorflow/tfjs-backend-cpu/dist/kernels/SparseFillEmptyRows_impl.js
../../node_modules/@tensorflow/tfjs-backend-webgl/node_modules/@tensorflow/tfjs-backend-cpu/dist/shared.js
../../node_modules/@tensorflow/tfjs-backend-webgl/dist/kernel_utils/shared.js
../../node_modules/@tensorflow/tfjs-backend-webgl/dist/kernels/Abs.js
../../node_modules/@tensorflow/tfjs-backend-webgl/dist/register_all_kernels.js
../../node_modules/@tensorflow/tfjs-backend-webgl/dist/index.js
./src/services/machineLearning/machineLearningService.ts
./src/worker/ml.worker.ts
./src/utils/comlink/ComlinkMLWorker.ts
./src/services/machineLearning/mlWorkManager.ts

../../node_modules/@tensorflow/tfjs-backend-webgl/node_modules/@tensorflow/tfjs-backend-cpu/dist/kernels/SparseReshape_impl.js
Attempted import error: 'backend_util'.'getSparseReshapeMultipleNegativeOneOutputDimErrorMessage' is not exported from '@tensorflow/tfjs-core' (imported as 'backend_util').

Import trace for requested module:
../../node_modules/@tensorflow/tfjs-backend-webgl/node_modules/@tensorflow/tfjs-backend-cpu/dist/kernels/SparseReshape_impl.js
../../node_modules/@tensorflow/tfjs-backend-webgl/node_modules/@tensorflow/tfjs-backend-cpu/dist/shared.js
../../node_modules/@tensorflow/tfjs-backend-webgl/dist/kernel_utils/shared.js
../../node_modules/@tensorflow/tfjs-backend-webgl/dist/kernels/Abs.js
../../node_modules/@tensorflow/tfjs-backend-webgl/dist/register_all_kernels.js
../../node_modules/@tensorflow/tfjs-backend-webgl/dist/index.js
./src/services/machineLearning/machineLearningService.ts
./src/worker/ml.worker.ts
./src/utils/comlink/ComlinkMLWorker.ts
./src/services/machineLearning/mlWorkManager.ts

../../node_modules/@tensorflow/tfjs-backend-webgl/node_modules/@tensorflow/tfjs-backend-cpu/dist/kernels/SparseReshape_impl.js
Attempted import error: 'backend_util'.'getSparseReshapeNegativeOutputDimErrorMessage' is not exported from '@tensorflow/tfjs-core' (imported as 'backend_util').

Import trace for requested module:
../../node_modules/@tensorflow/tfjs-backend-webgl/node_modules/@tensorflow/tfjs-backend-cpu/dist/kernels/SparseReshape_impl.js
../../node_modules/@tensorflow/tfjs-backend-webgl/node_modules/@tensorflow/tfjs-backend-cpu/dist/shared.js
../../node_modules/@tensorflow/tfjs-backend-webgl/dist/kernel_utils/shared.js
../../node_modules/@tensorflow/tfjs-backend-webgl/dist/kernels/Abs.js
../../node_modules/@tensorflow/tfjs-backend-webgl/dist/register_all_kernels.js
../../node_modules/@tensorflow/tfjs-backend-webgl/dist/index.js
./src/services/machineLearning/machineLearningService.ts
./src/worker/ml.worker.ts
./src/utils/comlink/ComlinkMLWorker.ts
./src/services/machineLearning/mlWorkManager.ts

../../node_modules/@tensorflow/tfjs-backend-webgl/node_modules/@tensorflow/tfjs-backend-cpu/dist/kernels/SparseReshape_impl.js
Attempted import error: 'backend_util'.'getSparseReshapeEmptyTensorZeroOutputDimErrorMessage' is not exported from '@tensorflow/tfjs-core' (imported as 'backend_util').

Import trace for requested module:
../../node_modules/@tensorflow/tfjs-backend-webgl/node_modules/@tensorflow/tfjs-backend-cpu/dist/kernels/SparseReshape_impl.js
../../node_modules/@tensorflow/tfjs-backend-webgl/node_modules/@tensorflow/tfjs-backend-cpu/dist/shared.js
../../node_modules/@tensorflow/tfjs-backend-webgl/dist/kernel_utils/shared.js
../../node_modules/@tensorflow/tfjs-backend-webgl/dist/kernels/Abs.js
../../node_modules/@tensorflow/tfjs-backend-webgl/dist/register_all_kernels.js
../../node_modules/@tensorflow/tfjs-backend-webgl/dist/index.js
./src/services/machineLearning/machineLearningService.ts
./src/worker/ml.worker.ts
./src/utils/comlink/ComlinkMLWorker.ts
./src/services/machineLearning/mlWorkManager.ts

info  - Collecting page data...
../../node_modules/@tensorflow/tfjs-backend-webgl/node_modules/@tensorflow/tfjs-backend-cpu/dist/kernels/SparseReshape_impl.js
Attempted import error: 'backend_util'.'getSparseReshapeInputOutputMultipleErrorMessage' is not exported from '@tensorflow/tfjs-core' (imported as 'backend_util').

Import trace for requested module:
../../node_modules/@tensorflow/tfjs-backend-webgl/node_modules/@tensorflow/tfjs-backend-cpu/dist/kernels/SparseReshape_impl.js
../../node_modules/@tensorflow/tfjs-backend-webgl/node_modules/@tensorflow/tfjs-backend-cpu/dist/shared.js
../../node_modules/@tensorflow/tfjs-backend-webgl/dist/kernel_utils/shared.js
../../node_modules/@tensorflow/tfjs-backend-webgl/dist/kernels/Abs.js
../../node_modules/@tensorflow/tfjs-backend-webgl/dist/register_all_kernels.js
../../node_modules/@tensorflow/tfjs-backend-webgl/dist/index.js
./src/services/machineLearning/machineLearningService.ts
./src/worker/ml.worker.ts
./src/utils/comlink/ComlinkMLWorker.ts
./src/services/machineLearning/mlWorkManager.ts

../../node_modules/@tensorflow/tfjs-backend-webgl/node_modules/@tensorflow/tfjs-backend-cpu/dist/kernels/SparseReshape_impl.js
Attempted import error: 'backend_util'.'getSparseReshapeInputOutputMismatchErrorMessage' is not exported from '@tensorflow/tfjs-core' (imported as 'backend_util').

Import trace for requested module:
../../node_modules/@tensorflow/tfjs-backend-webgl/node_modules/@tensorflow/tfjs-backend-cpu/dist/kernels/SparseReshape_impl.js
../../node_modules/@tensorflow/tfjs-backend-webgl/node_modules/@tensorflow/tfjs-backend-cpu/dist/shared.js
../../node_modules/@tensorflow/tfjs-backend-webgl/dist/kernel_utils/shared.js
../../node_modules/@tensorflow/tfjs-backend-webgl/dist/kernels/Abs.js
../../node_modules/@tensorflow/tfjs-backend-webgl/dist/register_all_kernels.js
../../node_modules/@tensorflow/tfjs-backend-webgl/dist/index.js
./src/services/machineLearning/machineLearningService.ts
./src/worker/ml.worker.ts
./src/utils/comlink/ComlinkMLWorker.ts
./src/services/machineLearning/mlWorkManager.ts

../../node_modules/@tensorflow/tfjs-backend-webgl/node_modules/@tensorflow/tfjs-backend-cpu/dist/kernels/SparseSegmentReduction_impl.js
Attempted import error: 'backend_util'.'getSparseSegmentReductionNegativeSegmentIdsErrorMessage' is not exported from '@tensorflow/tfjs-core' (imported as 'backend_util').

Import trace for requested module:
../../node_modules/@tensorflow/tfjs-backend-webgl/node_modules/@tensorflow/tfjs-backend-cpu/dist/kernels/SparseSegmentReduction_impl.js
../../node_modules/@tensorflow/tfjs-backend-webgl/node_modules/@tensorflow/tfjs-backend-cpu/dist/shared.js
../../node_modules/@tensorflow/tfjs-backend-webgl/dist/kernel_utils/shared.js
../../node_modules/@tensorflow/tfjs-backend-webgl/dist/kernels/Abs.js
../../node_modules/@tensorflow/tfjs-backend-webgl/dist/register_all_kernels.js
../../node_modules/@tensorflow/tfjs-backend-webgl/dist/index.js
./src/services/machineLearning/machineLearningService.ts
./src/worker/ml.worker.ts
./src/utils/comlink/ComlinkMLWorker.ts
./src/services/machineLearning/mlWorkManager.ts

../../node_modules/@tensorflow/tfjs-backend-webgl/node_modules/@tensorflow/tfjs-backend-cpu/dist/kernels/SparseSegmentReduction_impl.js
Attempted import error: 'backend_util'.'getSparseSegmentReductionNegativeSegmentIdsErrorMessage' is not exported from '@tensorflow/tfjs-core' (imported as 'backend_util').

Import trace for requested module:
../../node_modules/@tensorflow/tfjs-backend-webgl/node_modules/@tensorflow/tfjs-backend-cpu/dist/kernels/SparseSegmentReduction_impl.js
../../node_modules/@tensorflow/tfjs-backend-webgl/node_modules/@tensorflow/tfjs-backend-cpu/dist/shared.js
../../node_modules/@tensorflow/tfjs-backend-webgl/dist/kernel_utils/shared.js
../../node_modules/@tensorflow/tfjs-backend-webgl/dist/kernels/Abs.js
../../node_modules/@tensorflow/tfjs-backend-webgl/dist/register_all_kernels.js
../../node_modules/@tensorflow/tfjs-backend-webgl/dist/index.js
./src/services/machineLearning/machineLearningService.ts
./src/worker/ml.worker.ts
./src/utils/comlink/ComlinkMLWorker.ts
./src/services/machineLearning/mlWorkManager.ts

../../node_modules/@tensorflow/tfjs-backend-webgl/node_modules/@tensorflow/tfjs-backend-cpu/dist/kernels/SparseSegmentReduction_impl.js
Attempted import error: 'backend_util'.'getSparseSegmentReductionNonIncreasingSegmentIdsErrorMessage' is not exported from '@tensorflow/tfjs-core' (imported as 'backend_util').

Import trace for requested module:
../../node_modules/@tensorflow/tfjs-backend-webgl/node_modules/@tensorflow/tfjs-backend-cpu/dist/kernels/SparseSegmentReduction_impl.js
../../node_modules/@tensorflow/tfjs-backend-webgl/node_modules/@tensorflow/tfjs-backend-cpu/dist/shared.js
../../node_modules/@tensorflow/tfjs-backend-webgl/dist/kernel_utils/shared.js
../../node_modules/@tensorflow/tfjs-backend-webgl/dist/kernels/Abs.js
../../node_modules/@tensorflow/tfjs-backend-webgl/dist/register_all_kernels.js
../../node_modules/@tensorflow/tfjs-backend-webgl/dist/index.js
./src/services/machineLearning/machineLearningService.ts
./src/worker/ml.worker.ts
./src/utils/comlink/ComlinkMLWorker.ts
./src/services/machineLearning/mlWorkManager.ts

../../node_modules/@tensorflow/tfjs-backend-webgl/node_modules/@tensorflow/tfjs-backend-cpu/dist/kernels/SparseSegmentReduction_impl.js
Attempted import error: 'backend_util'.'getSparseSegmentReductionSegmentIdOutOfRangeErrorMessage' is not exported from '@tensorflow/tfjs-core' (imported as 'backend_util').

Import trace for requested module:
../../node_modules/@tensorflow/tfjs-backend-webgl/node_modules/@tensorflow/tfjs-backend-cpu/dist/kernels/SparseSegmentReduction_impl.js
../../node_modules/@tensorflow/tfjs-backend-webgl/node_modules/@tensorflow/tfjs-backend-cpu/dist/shared.js
../../node_modules/@tensorflow/tfjs-backend-webgl/dist/kernel_utils/shared.js
../../node_modules/@tensorflow/tfjs-backend-webgl/dist/kernels/Abs.js
../../node_modules/@tensorflow/tfjs-backend-webgl/dist/register_all_kernels.js
../../node_modules/@tensorflow/tfjs-backend-webgl/dist/index.js
./src/services/machineLearning/machineLearningService.ts
./src/worker/ml.worker.ts
./src/utils/comlink/ComlinkMLWorker.ts
./src/services/machineLearning/mlWorkManager.ts

../../node_modules/@tensorflow/tfjs-backend-webgl/node_modules/@tensorflow/tfjs-backend-cpu/dist/kernels/SparseSegmentReduction_impl.js
Attempted import error: 'backend_util'.'getSparseSegmentReductionIndicesOutOfRangeErrorMessage' is not exported from '@tensorflow/tfjs-core' (imported as 'backend_util').

Import trace for requested module:
../../node_modules/@tensorflow/tfjs-backend-webgl/node_modules/@tensorflow/tfjs-backend-cpu/dist/kernels/SparseSegmentReduction_impl.js
../../node_modules/@tensorflow/tfjs-backend-webgl/node_modules/@tensorflow/tfjs-backend-cpu/dist/shared.js
../../node_modules/@tensorflow/tfjs-backend-webgl/dist/kernel_utils/shared.js
../../node_modules/@tensorflow/tfjs-backend-webgl/dist/kernels/Abs.js
../../node_modules/@tensorflow/tfjs-backend-webgl/dist/register_all_kernels.js
../../node_modules/@tensorflow/tfjs-backend-webgl/dist/index.js
./src/services/machineLearning/machineLearningService.ts
./src/worker/ml.worker.ts
./src/utils/comlink/ComlinkMLWorker.ts
./src/services/machineLearning/mlWorkManager.ts

../../node_modules/@tensorflow/tfjs-backend-webgl/node_modules/@tensorflow/tfjs-backend-cpu/dist/kernels/StaticRegexReplace.js
Attempted import error: 'StaticRegexReplace' is not exported from '@tensorflow/tfjs-core' (imported as 'StaticRegexReplace').

Import trace for requested module:
../../node_modules/@tensorflow/tfjs-backend-webgl/node_modules/@tensorflow/tfjs-backend-cpu/dist/kernels/StaticRegexReplace.js
../../node_modules/@tensorflow/tfjs-backend-webgl/node_modules/@tensorflow/tfjs-backend-cpu/dist/shared.js
../../node_modules/@tensorflow/tfjs-backend-webgl/dist/kernel_utils/shared.js
../../node_modules/@tensorflow/tfjs-backend-webgl/dist/kernels/Abs.js
../../node_modules/@tensorflow/tfjs-backend-webgl/dist/register_all_kernels.js
../../node_modules/@tensorflow/tfjs-backend-webgl/dist/index.js
./src/services/machineLearning/machineLearningService.ts
./src/worker/ml.worker.ts
./src/utils/comlink/ComlinkMLWorker.ts
./src/services/machineLearning/mlWorkManager.ts

../../node_modules/@tensorflow/tfjs-backend-webgl/node_modules/@tensorflow/tfjs-backend-cpu/dist/kernels/StaticRegexReplace.js
Attempted import error: 'StaticRegexReplace' is not exported from '@tensorflow/tfjs-core' (imported as 'StaticRegexReplace').

Import trace for requested module:
../../node_modules/@tensorflow/tfjs-backend-webgl/node_modules/@tensorflow/tfjs-backend-cpu/dist/kernels/StaticRegexReplace.js
../../node_modules/@tensorflow/tfjs-backend-webgl/node_modules/@tensorflow/tfjs-backend-cpu/dist/shared.js
../../node_modules/@tensorflow/tfjs-backend-webgl/dist/kernel_utils/shared.js
../../node_modules/@tensorflow/tfjs-backend-webgl/dist/kernels/Abs.js
../../node_modules/@tensorflow/tfjs-backend-webgl/dist/register_all_kernels.js
../../node_modules/@tensorflow/tfjs-backend-webgl/dist/index.js
./src/services/machineLearning/machineLearningService.ts
./src/worker/ml.worker.ts
./src/utils/comlink/ComlinkMLWorker.ts
./src/services/machineLearning/mlWorkManager.ts

./tests/upload.test.ts
Critical dependency: the request of a dependency is an expression

Import trace for requested module:
./tests/upload.test.ts
./src/components/Sidebar/DebugSection.tsx
./src/components/Sidebar/index.tsx

./tests/upload.test.ts
Critical dependency: the request of a dependency is an expression

Import trace for requested module:
./tests/upload.test.ts
./src/components/Sidebar/DebugSection.tsx
./src/components/Sidebar/index.tsx

info  - Generating static pages (0/19)
react-i18next:: You will need to pass in an i18next instance by using i18nextReactModule
info  - Generating static pages (4/19)
info  - Generating static pages (9/19)
info  - Generating static pages (14/19)
info  - Generating static pages (19/19)
info  - Finalizing page optimization...

Route (pages)                              Size     First Load JS
┌ ○ /                                      11.3 kB         813 kB
├   /_app                                  0 B             753 kB
├ ○ /404                                   450 B           753 kB
├ ○ /auth                                  22.2 kB         791 kB
├ ○ /change-email                          3.75 kB         802 kB
├ ○ /change-password                       4.04 kB         802 kB
├ ○ /credentials                           4.39 kB         803 kB
├ ○ /deduplicate (443 ms)                  267 B           1.2 MB
├ ○ /gallery (441 ms)                      264 B           1.2 MB
├ ○ /generate                              3.72 kB         930 kB
├ ○ /login                                 3.77 kB         802 kB
├ ○ /recover                               2.84 kB         918 kB
├ ○ /shared-albums (456 ms)                6.63 kB         1.2 MB
├ ○ /signup                                4.12 kB         805 kB
├ ○ /two-factor/recover                    3.04 kB         918 kB
├ ○ /two-factor/setup                      2.29 kB         782 kB
├ ○ /two-factor/setup/ManualMode           1.2 kB          766 kB
├ ○ /two-factor/setup/QRMode               859 B           754 kB
├ ○ /two-factor/verify                     2.41 kB         771 kB
└ ○ /verify                                4.21 kB         802 kB
+ First Load JS shared by all              779 kB
  ├ chunks/framework-07aedcd80d1a1b44.js   45.5 kB
  ├ chunks/main-b058ab700a368092.js        27.2 kB
  ├ chunks/pages/_app-c55719d2f1dfebe3.js  679 kB
  ├ chunks/webpack-0ca20f9731157afc.js     1.4 kB
  └ css/78d1ef93d34e0810.css               25.7 kB

○  (Static)  automatically rendered as static HTML (uses no initial props)

