$ next lint
- warn Invalid next.config.js options detected: 
- warn     The root value has an unexpected property, appDir, which is not in the list of allowed properties (amp, analyticsId, assetPrefix, basePath, cleanDistDir, compiler, compress, configOrigin, crossOrigin, devIndicators, distDir, env, eslint, excludeDefaultMomentLocales, experimental, exportPathMap, generateBuildId, generateEtags, headers, httpAgentOptions, i18n, images, modularizeImports, onDemandEntries, optimizeFonts, output, outputFileTracing, pageExtensions, poweredByHeader, productionBrowserSourceMaps, publicRuntimeConfig, reactStrictMode, redirects, rewrites, sassOptions, serverRuntimeConfig, skipMiddlewareUrlNormalize, skipTrailingSlashRedirect, staticPageGenerationTimeout, swcMinify, target, trailingSlash, transpilePackages, typescript, useFileSystemPublicRoutes, webpack).
- warn See more info here: https://nextjs.org/docs/messages/invalid-next-config

./src/components/PDFViewer/index.tsx
15:25  Error: 'setPageNumber' is assigned a value but never used.  @typescript-eslint/no-unused-vars
16:13  Error: 'totalPages' is assigned a value but never used.  @typescript-eslint/no-unused-vars
83:18  Error: Do not use "@ts-ignore" because it alters compilation errors.  @typescript-eslint/ban-ts-comment
88:22  Error: Do not use "@ts-ignore" because it alters compilation errors.  @typescript-eslint/ban-ts-comment

./src/components/PreviewBanner/index.tsx
12:65  Error: 'pdfData' is assigned a value but never used.  @typescript-eslint/no-unused-vars

./src/components/PreviewPage/index.tsx
28:21  Error: 'value' is defined but never used.  @typescript-eslint/no-unused-vars
30:18  Error: 'value' is defined but never used.  @typescript-eslint/no-unused-vars
32:21  Error: 'value' is defined but never used.  @typescript-eslint/no-unused-vars
34:22  Error: 'value' is defined but never used.  @typescript-eslint/no-unused-vars
46:24  Error: Expected '===' and instead saw '=='.  eqeqeq
48:31  Error: Expected '===' and instead saw '=='.  eqeqeq

./src/components/pages/locker/NavBar.tsx
25:12  Error: 'percentComplete' is assigned a value but never used.  @typescript-eslint/no-unused-vars
26:12  Error: 'uploadCounter' is assigned a value but never used.  @typescript-eslint/no-unused-vars
27:12  Error: 'inProgressUploads' is assigned a value but never used.  @typescript-eslint/no-unused-vars
30:12  Error: 'finishedUploads' is assigned a value but never used.  @typescript-eslint/no-unused-vars
33:12  Error: 'uploadStage' is assigned a value but never used.  @typescript-eslint/no-unused-vars
36:12  Error: 'uploadFileNames' is assigned a value but never used.  @typescript-eslint/no-unused-vars
39:12  Error: 'hasLivePhotos' is assigned a value but never used.  @typescript-eslint/no-unused-vars
40:12  Error: 'files' is assigned a value but never used.  @typescript-eslint/no-unused-vars

./src/components/themes/colors/fixed.ts
4:5  Error: 'appName' is defined but never used.  @typescript-eslint/no-unused-vars
39:7  Error: 'authAccentColor' is assigned a value but never used.  @typescript-eslint/no-unused-vars

./src/components/themes/colors/index.ts
3:8  Error: 'lightThemeColors' is defined but never used.  @typescript-eslint/no-unused-vars

./src/components/themes/components.ts
36:38  Warning: Forbidden non-null assertion.  @typescript-eslint/no-non-null-assertion
45:38  Warning: Forbidden non-null assertion.  @typescript-eslint/no-non-null-assertion
48:48  Warning: Forbidden non-null assertion.  @typescript-eslint/no-non-null-assertion
48:48  Warning: Forbidden non-null assertion.  @typescript-eslint/no-non-null-assertion
75:20  Warning: Forbidden non-null assertion.  @typescript-eslint/no-non-null-assertion
82:28  Warning: Forbidden non-null assertion.  @typescript-eslint/no-non-null-assertion
98:27  Warning: Forbidden non-null assertion.  @typescript-eslint/no-non-null-assertion
99:29  Warning: Forbidden non-null assertion.  @typescript-eslint/no-non-null-assertion
188:24  Warning: Forbidden non-null assertion.  @typescript-eslint/no-non-null-assertion
192:24  Warning: Forbidden non-null assertion.  @typescript-eslint/no-non-null-assertion
197:20  Warning: Forbidden non-null assertion.  @typescript-eslint/no-non-null-assertion

./src/components/themes/palette/index.tsx
24:19  Warning: Forbidden non-null assertion.  @typescript-eslint/no-non-null-assertion
25:19  Warning: Forbidden non-null assertion.  @typescript-eslint/no-non-null-assertion
27:41  Warning: Forbidden non-null assertion.  @typescript-eslint/no-non-null-assertion
27:62  Warning: Forbidden non-null assertion.  @typescript-eslint/no-non-null-assertion
30:19  Warning: Forbidden non-null assertion.  @typescript-eslint/no-non-null-assertion
31:19  Warning: Forbidden non-null assertion.  @typescript-eslint/no-non-null-assertion
32:27  Warning: Forbidden non-null assertion.  @typescript-eslint/no-non-null-assertion
35:19  Warning: Forbidden non-null assertion.  @typescript-eslint/no-non-null-assertion
36:19  Warning: Forbidden non-null assertion.  @typescript-eslint/no-non-null-assertion
37:27  Warning: Forbidden non-null assertion.  @typescript-eslint/no-non-null-assertion
40:19  Warning: Forbidden non-null assertion.  @typescript-eslint/no-non-null-assertion
41:19  Warning: Forbidden non-null assertion.  @typescript-eslint/no-non-null-assertion
42:27  Warning: Forbidden non-null assertion.  @typescript-eslint/no-non-null-assertion
45:22  Warning: Forbidden non-null assertion.  @typescript-eslint/no-non-null-assertion
46:20  Warning: Forbidden non-null assertion.  @typescript-eslint/no-non-null-assertion
49:22  Warning: Forbidden non-null assertion.  @typescript-eslint/no-non-null-assertion
50:24  Warning: Forbidden non-null assertion.  @typescript-eslint/no-non-null-assertion
51:23  Warning: Forbidden non-null assertion.  @typescript-eslint/no-non-null-assertion
52:19  Warning: Forbidden non-null assertion.  @typescript-eslint/no-non-null-assertion
53:20  Warning: Forbidden non-null assertion.  @typescript-eslint/no-non-null-assertion
54:20  Warning: Forbidden non-null assertion.  @typescript-eslint/no-non-null-assertion
56:18  Warning: Forbidden non-null assertion.  @typescript-eslint/no-non-null-assertion

./src/pages/_app.tsx
4:10  Error: 'styled' is defined but never used.  @typescript-eslint/no-unused-vars

./src/pages/credentials.tsx
1:17  Error: 'useContext' is defined but never used.  @typescript-eslint/no-unused-vars
24:8  Error: 'isElectron' is defined but never used.  @typescript-eslint/no-unused-vars
45:17  Error: 'key' is never reassigned. Use 'const' instead.  prefer-const

./src/pages/login.tsx
1:38  Error: 'useContext' is defined but never used.  @typescript-eslint/no-unused-vars

./src/pages/verify.tsx
1:38  Error: 'useContext' is defined but never used.  @typescript-eslint/no-unused-vars

./src/services/collectionService.ts
216:17  Error: '_' is assigned a value but never used.  @typescript-eslint/no-unused-vars
758:13  Error: Do not use "@ts-ignore" because it alters compilation errors.  @typescript-eslint/ban-ts-comment

./src/services/typeDetectionService.ts
5:5  Error: 'KNOWN_NON_MEDIA_FORMATS' is defined but never used.  @typescript-eslint/no-unused-vars
25:9  Error: 'typeResult' is never reassigned. Use 'const' instead.  prefer-const

./src/services/upload/fileService.ts
4:5  Error: 'NULL_EXTRACTED_METADATA' is defined but never used.  @typescript-eslint/no-unused-vars
15:5  Error: 'ParsedExtractedMetadata' is defined but never used.  @typescript-eslint/no-unused-vars

./src/services/upload/uiService.ts
125:25  Error: '_' is assigned a value but never used.  @typescript-eslint/no-unused-vars

./src/services/upload/uploadService.ts
26:5  Error: 'getLivePhotoFileType' is defined but never used.  @typescript-eslint/no-unused-vars
27:5  Error: 'getLivePhotoName' is defined but never used.  @typescript-eslint/no-unused-vars
28:5  Error: 'getLivePhotoSize' is defined but never used.  @typescript-eslint/no-unused-vars
29:5  Error: 'readLivePhoto' is defined but never used.  @typescript-eslint/no-unused-vars
81:20  Error: 'isLivePhoto' is defined but never used.  @typescript-eslint/no-unused-vars
81:39  Error: 'livePhotoAssets' is defined but never used.  @typescript-eslint/no-unused-vars
88:20  Error: 'isLivePhoto' is defined but never used.  @typescript-eslint/no-unused-vars
88:39  Error: 'livePhotoAssets' is defined but never used.  @typescript-eslint/no-unused-vars
95:24  Error: 'isLivePhoto' is defined but never used.  @typescript-eslint/no-unused-vars
95:43  Error: 'livePhotoAssets' is defined but never used.  @typescript-eslint/no-unused-vars
104:11  Error: 'isLivePhoto' is defined but never used.  @typescript-eslint/no-unused-vars
104:30  Error: 'livePhotoAssets' is defined but never used.  @typescript-eslint/no-unused-vars

./src/services/upload/videoMetadataService.ts
7:9  Error: 'videoMetadata' is never reassigned. Use 'const' instead.  prefer-const

./src/services/uploadManager.ts
14:5  Error: 'areFileWithCollectionsSame' is defined but never used.  @typescript-eslint/no-unused-vars
381:9  Error: 'fileUploadResult' is defined but never used.  @typescript-eslint/no-unused-vars
382:9  Error: 'fileWithCollection' is defined but never used.  @typescript-eslint/no-unused-vars
383:9  Error: 'uploadedFile' is defined but never used.  @typescript-eslint/no-unused-vars
426:9  Error: 'fileWithCollection' is defined but never used.  @typescript-eslint/no-unused-vars

./src/services/userService.ts
24:8  Error: 'isElectron' is defined but never used.  @typescript-eslint/no-unused-vars

./src/utils/common/index.ts
27:9  Error: Do not use "@ts-ignore" because it alters compilation errors.  @typescript-eslint/ban-ts-comment
30:13  Error: Do not use "@ts-ignore" because it alters compilation errors.  @typescript-eslint/ban-ts-comment
83:9  Error: Do not use "@ts-ignore" because it alters compilation errors.  @typescript-eslint/ban-ts-comment
91:9  Error: Do not use "@ts-ignore" because it alters compilation errors.  @typescript-eslint/ban-ts-comment
95:5  Error: Do not use "@ts-ignore" because it alters compilation errors.  @typescript-eslint/ban-ts-comment

./src/utils/crypto/index.ts
7:8  Error: 'isElectron' is defined but never used.  @typescript-eslint/no-unused-vars

./src/utils/error/index.ts
110:9  Error: Do not use "@ts-ignore" because it alters compilation errors.  @typescript-eslint/ban-ts-comment

./src/utils/file/index.ts
30:10  Error: 'addLogLine' is defined but never used.  @typescript-eslint/no-unused-vars
32:10  Error: 'convertBytesToHumanReadable' is defined but never used.  @typescript-eslint/no-unused-vars
47:5  Error: 'accessedThroughSharedURL' is defined but never used.  @typescript-eslint/no-unused-vars
48:5  Error: 'token' is defined but never used.  @typescript-eslint/no-unused-vars
49:5  Error: 'passwordToken' is defined but never used.  @typescript-eslint/no-unused-vars

./src/utils/upload/index.ts
169:13  Error: 'folderPath' is never reassigned. Use 'const' instead.  prefer-const

info  - Need to disable some ESLint rules? Learn more here: https://nextjs.org/docs/basic-features/eslint#disabling-rules
error Command failed with exit code 1.
info Visit https://yarnpkg.com/en/docs/cli/run for documentation about this command.
